#
# There is insufficient memory for the Java Runtime Environment to continue.
# Native memory allocation (malloc) failed to allocate 389696 bytes for Chunk::new
# Possible reasons:
#   The system is out of physical RAM or swap space
#   The process is running with CompressedOops enabled, and the Java Heap may be blocking the growth of the native heap
# Possible solutions:
#   Reduce memory load on the system
#   Increase physical memory or swap space
#   Check if swap backing store is full
#   Decrease Java heap size (-Xmx/-Xms)
#   Decrease number of Java threads
#   Decrease Java thread stack sizes (-Xss)
#   Set larger code cache with -XX:ReservedCodeCacheSize=
#   JVM is running with Unscaled Compressed Oops mode in which the Java heap is
#     placed in the first 4GB address space. The Java Heap base address is the
#     maximum limit for the native heap growth. Please use -XX:HeapBaseMinAddress
#     to set the Java Heap base and to place the Java Heap above 4GB virtual address.
# This output file may be truncated or incomplete.
#
#  Out of Memory Error (allocation.cpp:389), pid=17852, tid=0x0000000000003088
#
# JRE version: OpenJDK Runtime Environment (8.0_242-b01) (build 1.8.0_242-release-1644-b01)
# Java VM: OpenJDK 64-Bit Server VM (25.242-b01 mixed mode windows-amd64 compressed oops)
# Failed to write core dump. Minidumps are not enabled by default on client versions of Windows
#

---------------  T H R E A D  ---------------

Current thread (0x000000001ab62000):  JavaThread "C2 CompilerThread7" daemon [_thread_in_native, id=12424, stack(0x000000001d290000,0x000000001d390000)]

Stack: [0x000000001d290000,0x000000001d390000]
[error occurred during error reporting (printing stack bounds), id 0xc0000005]

Native frames: (J=compiled Java code, j=interpreted, Vv=VM code, C=native code)


Current CompileTask:
C2:  14700 25412       4       com.android.tools.r8.ir.optimize.Z::a (406 bytes)


---------------  P R O C E S S  ---------------

Java Threads: ( => current thread )
  0x0000000026740800 JavaThread "WorkerExecutor Queue Thread 21" [_thread_in_Java, id=23136, stack(0x0000000033a80000,0x0000000033b80000)]
  0x000000002673d800 JavaThread "WorkerExecutor Queue Thread 20" [_thread_in_Java, id=7568, stack(0x0000000038010000,0x0000000038110000)]
  0x000000001f6f3800 JavaThread "WorkerExecutor Queue Thread 19" [_thread_in_Java, id=24608, stack(0x0000000037f10000,0x0000000038010000)]
  0x0000000027d23000 JavaThread "WorkerExecutor Queue Thread 18" [_thread_in_Java, id=26580, stack(0x0000000037e10000,0x0000000037f10000)]
  0x0000000027d22000 JavaThread "WorkerExecutor Queue Thread 17" [_thread_in_Java, id=10316, stack(0x0000000037d10000,0x0000000037e10000)]
  0x0000000027d21800 JavaThread "WorkerExecutor Queue Thread 16" [_thread_in_native, id=27524, stack(0x0000000037c10000,0x0000000037d10000)]
  0x0000000027d20800 JavaThread "WorkerExecutor Queue Thread 15" [_thread_in_Java, id=26940, stack(0x0000000037b10000,0x0000000037c10000)]
  0x0000000027d20000 JavaThread "WorkerExecutor Queue Thread 14" [_thread_in_native, id=20984, stack(0x0000000037a10000,0x0000000037b10000)]
  0x00000000220f9800 JavaThread "WorkerExecutor Queue Thread 13" [_thread_in_Java, id=32580, stack(0x0000000037910000,0x0000000037a10000)]
  0x00000000220f7800 JavaThread "WorkerExecutor Queue Thread 12" [_thread_in_Java, id=10620, stack(0x0000000037610000,0x0000000037710000)]
  0x00000000220f8000 JavaThread "WorkerExecutor Queue Thread 11" [_thread_in_Java, id=7296, stack(0x0000000037510000,0x0000000037610000)]
  0x00000000220f6800 JavaThread "WorkerExecutor Queue Thread 10" [_thread_in_Java, id=27472, stack(0x0000000036360000,0x0000000036460000)]
  0x00000000220f9000 JavaThread "WorkerExecutor Queue Thread 9" [_thread_blocked, id=27124, stack(0x00000000351d0000,0x00000000352d0000)]
  0x0000000023d95800 JavaThread "WorkerExecutor Queue Thread 8" [_thread_blocked, id=9948, stack(0x00000000350d0000,0x00000000351d0000)]
  0x0000000023d94800 JavaThread "WorkerExecutor Queue Thread 7" [_thread_in_Java, id=25952, stack(0x0000000034fd0000,0x00000000350d0000)]
  0x0000000023d93000 JavaThread "WorkerExecutor Queue Thread 6" [_thread_in_Java, id=8744, stack(0x0000000034ed0000,0x0000000034fd0000)]
  0x0000000023d8a000 JavaThread "WorkerExecutor Queue Thread 5" [_thread_in_native, id=28280, stack(0x0000000034dd0000,0x0000000034ed0000)]
  0x0000000023d89800 JavaThread "WorkerExecutor Queue Thread 4" [_thread_in_native, id=13052, stack(0x0000000033cc0000,0x0000000033dc0000)]
  0x0000000023d8f800 JavaThread "WorkerExecutor Queue Thread 3" [_thread_in_native, id=28460, stack(0x0000000033bc0000,0x0000000033cc0000)]
  0x0000000023d8e000 JavaThread "WorkerExecutor Queue Thread 2" [_thread_in_native, id=5028, stack(0x0000000032960000,0x0000000032a60000)]
  0x0000000023d96000 JavaThread "WorkerExecutor Queue" [_thread_in_native, id=18136, stack(0x0000000031980000,0x0000000031a80000)]
  0x0000000023d90000 JavaThread "Cache worker for execution history cache (C:\Users\arshadsharif\Desktop\aaaa\shamrock_android_11_22_22\shamrock_android\CarePay\.gradle\5.6.4\executionHistory)" [_thread_blocked, id=31456, stack(0x0000000031e80000,0x0000000031f80000)]
  0x0000000023d8d000 JavaThread "Execution worker for ':' Thread 19" [_thread_blocked, id=1064, stack(0x0000000031880000,0x0000000031980000)]
  0x0000000023d8c800 JavaThread "Execution worker for ':' Thread 18" [_thread_blocked, id=24640, stack(0x0000000031780000,0x0000000031880000)]
  0x0000000023d8b800 JavaThread "Execution worker for ':' Thread 17" [_thread_blocked, id=15488, stack(0x0000000031680000,0x0000000031780000)]
  0x0000000023d88800 JavaThread "Execution worker for ':' Thread 16" [_thread_blocked, id=30684, stack(0x0000000031580000,0x0000000031680000)]
  0x00000000220ee800 JavaThread "Execution worker for ':' Thread 15" [_thread_blocked, id=13404, stack(0x0000000031480000,0x0000000031580000)]
  0x000000001f6e9800 JavaThread "Execution worker for ':' Thread 14" [_thread_blocked, id=26148, stack(0x0000000031380000,0x0000000031480000)]
  0x0000000027d28800 JavaThread "Execution worker for ':' Thread 13" [_thread_blocked, id=10244, stack(0x0000000031280000,0x0000000031380000)]
  0x0000000027d2a000 JavaThread "Execution worker for ':' Thread 12" [_thread_blocked, id=28924, stack(0x0000000031180000,0x0000000031280000)]
  0x0000000027d29000 JavaThread "Execution worker for ':' Thread 11" [_thread_blocked, id=6240, stack(0x0000000031080000,0x0000000031180000)]
  0x0000000027d26000 JavaThread "Execution worker for ':' Thread 10" [_thread_blocked, id=10184, stack(0x0000000030f80000,0x0000000031080000)]
  0x0000000027d2c000 JavaThread "Execution worker for ':' Thread 9" [_thread_blocked, id=31800, stack(0x0000000030e80000,0x0000000030f80000)]
  0x0000000027d2b800 JavaThread "Execution worker for ':' Thread 8" [_thread_blocked, id=22788, stack(0x0000000030d80000,0x0000000030e80000)]
  0x0000000027d25800 JavaThread "Execution worker for ':' Thread 7" [_thread_blocked, id=29248, stack(0x0000000030c80000,0x0000000030d80000)]
  0x0000000027d27000 JavaThread "Execution worker for ':' Thread 6" [_thread_blocked, id=30616, stack(0x0000000030b80000,0x0000000030c80000)]
  0x0000000027d27800 JavaThread "Execution worker for ':' Thread 5" [_thread_blocked, id=14896, stack(0x0000000030a80000,0x0000000030b80000)]
  0x0000000027d2a800 JavaThread "Execution worker for ':' Thread 4" [_thread_blocked, id=25544, stack(0x0000000030980000,0x0000000030a80000)]
  0x0000000027d1f000 JavaThread "Execution worker for ':' Thread 3" [_thread_blocked, id=31732, stack(0x0000000030880000,0x0000000030980000)]
  0x0000000027d1e800 JavaThread "Execution worker for ':' Thread 2" [_thread_blocked, id=24708, stack(0x000000002f500000,0x000000002f600000)]
  0x0000000027d1d800 JavaThread "Execution worker for ':'" [_thread_blocked, id=25700, stack(0x000000002dd40000,0x000000002de40000)]
  0x0000000027d24800 JavaThread "Cache worker for file content cache (C:\Users\arshadsharif\Desktop\aaaa\shamrock_android_11_22_22\shamrock_android\CarePay\.gradle\5.6.4\fileContent)" [_thread_blocked, id=5968, stack(0x000000002b850000,0x000000002b950000)]
  0x0000000027d1d000 JavaThread "Cache worker for file content cache (C:\Users\arshadsharif\.gradle\caches\5.6.4\fileContent)" [_thread_blocked, id=26856, stack(0x000000002b4c0000,0x000000002b5c0000)]
  0x00000000220fa800 JavaThread "Memory manager" [_thread_blocked, id=17104, stack(0x0000000029bb0000,0x0000000029cb0000)]
  0x00000000220ef000 JavaThread "Cache worker for Build Output Cleanup Cache (C:\Users\arshadsharif\Desktop\aaaa\shamrock_android_11_22_22\shamrock_android\CarePay\.gradle\buildOutputCleanup)" [_thread_blocked, id=23072, stack(0x00000000298b0000,0x00000000299b0000)]
  0x00000000220f6000 JavaThread "pool-1-thread-1" [_thread_blocked, id=32188, stack(0x00000000295b0000,0x00000000296b0000)]
  0x00000000220f5000 JavaThread "Build operations Thread 20" [_thread_blocked, id=29900, stack(0x00000000294b0000,0x00000000295b0000)]
  0x00000000220f4800 JavaThread "Build operations Thread 19" [_thread_blocked, id=26596, stack(0x00000000293b0000,0x00000000294b0000)]
  0x00000000220ed800 JavaThread "Build operations Thread 18" [_thread_blocked, id=25552, stack(0x00000000292b0000,0x00000000293b0000)]
  0x00000000220f3800 JavaThread "Build operations Thread 17" [_thread_blocked, id=29908, stack(0x00000000291b0000,0x00000000292b0000)]
  0x00000000220ed000 JavaThread "Build operations Thread 16" [_thread_blocked, id=13760, stack(0x00000000290b0000,0x00000000291b0000)]
  0x00000000220ec000 JavaThread "Build operations Thread 15" [_thread_blocked, id=12152, stack(0x0000000028fb0000,0x00000000290b0000)]
  0x00000000220f3000 JavaThread "Build operations Thread 14" [_thread_blocked, id=29184, stack(0x0000000028eb0000,0x0000000028fb0000)]
  0x00000000220f2000 JavaThread "Build operations Thread 13" [_thread_blocked, id=11564, stack(0x0000000028db0000,0x0000000028eb0000)]
  0x00000000220eb800 JavaThread "Build operations Thread 12" [_thread_blocked, id=24396, stack(0x0000000028cb0000,0x0000000028db0000)]
  0x00000000220f1800 JavaThread "Build operations Thread 11" [_thread_blocked, id=22672, stack(0x0000000028bb0000,0x0000000028cb0000)]
  0x00000000220f0800 JavaThread "Build operations Thread 10" [_thread_blocked, id=21600, stack(0x0000000028ab0000,0x0000000028bb0000)]
  0x00000000220f0000 JavaThread "Build operations Thread 9" [_thread_blocked, id=14860, stack(0x00000000289b0000,0x0000000028ab0000)]
  0x000000001f6f0000 JavaThread "Build operations Thread 8" [_thread_blocked, id=2252, stack(0x00000000288b0000,0x00000000289b0000)]
  0x000000001f6f6800 JavaThread "Build operations Thread 7" [_thread_blocked, id=4896, stack(0x00000000287b0000,0x00000000288b0000)]
  0x000000001f6f6000 JavaThread "Build operations Thread 6" [_thread_blocked, id=12944, stack(0x00000000286b0000,0x00000000287b0000)]
  0x000000001f6f1800 JavaThread "Build operations Thread 5" [_thread_blocked, id=8648, stack(0x00000000285b0000,0x00000000286b0000)]
  0x000000001f6f5000 JavaThread "Build operations Thread 4" [_thread_blocked, id=17444, stack(0x00000000284b0000,0x00000000285b0000)]
  0x000000001f6f3000 JavaThread "Build operations Thread 3" [_thread_blocked, id=32624, stack(0x00000000283b0000,0x00000000284b0000)]
  0x000000001f6f0800 JavaThread "Build operations Thread 2" [_thread_blocked, id=7304, stack(0x00000000282b0000,0x00000000283b0000)]
  0x000000001f6f4800 JavaThread "Build operations" [_thread_blocked, id=4828, stack(0x0000000026b70000,0x0000000026c70000)]
  0x000000001f6f2000 JavaThread "Cache worker for execution history cache (C:\Users\arshadsharif\.gradle\caches\5.6.4\executionHistory)" [_thread_blocked, id=24292, stack(0x0000000026870000,0x0000000026970000)]
  0x000000001f6ed000 JavaThread "Cache worker for cache directory md-rule (C:\Users\arshadsharif\.gradle\caches\5.6.4\md-rule)" [_thread_blocked, id=15568, stack(0x0000000026770000,0x0000000026870000)]
  0x000000001f6ef000 JavaThread "Cache worker for cache directory md-supplier (C:\Users\arshadsharif\.gradle\caches\5.6.4\md-supplier)" [_thread_blocked, id=1572, stack(0x0000000025430000,0x0000000025530000)]
  0x000000001f6ec000 JavaThread "Cache worker for file hash cache (C:\Users\arshadsharif\Desktop\aaaa\shamrock_android_11_22_22\shamrock_android\CarePay\.gradle\5.6.4\fileHashes)" [_thread_blocked, id=22084, stack(0x0000000023b60000,0x0000000023c60000)]
  0x000000001f6e8000 JavaThread "Cache worker for journal cache (C:\Users\arshadsharif\.gradle\caches\journal-1)" [_thread_blocked, id=8048, stack(0x00000000217c0000,0x00000000218c0000)]
  0x000000001f6ed800 JavaThread "File lock request listener" [_thread_in_native, id=21564, stack(0x00000000216c0000,0x00000000217c0000)]
  0x000000001f63f800 JavaThread "Cache worker for file hash cache (C:\Users\arshadsharif\.gradle\caches\5.6.4\fileHashes)" [_thread_blocked, id=8228, stack(0x00000000215c0000,0x00000000216c0000)]
  0x000000001f644800 JavaThread "Thread-9" [_thread_blocked, id=29228, stack(0x00000000212c0000,0x00000000213c0000)]
  0x000000001f641000 JavaThread "Stdin handler" [_thread_blocked, id=23448, stack(0x00000000211c0000,0x00000000212c0000)]
  0x000000001f589800 JavaThread "Asynchronous log dispatcher for DefaultDaemonConnection: socket connection from /127.0.0.1:52691 to /127.0.0.1:52692" [_thread_blocked, id=26716, stack(0x00000000210c0000,0x00000000211c0000)]
  0x000000001f587800 JavaThread "Daemon worker" [_thread_blocked, id=12368, stack(0x0000000020fc0000,0x00000000210c0000)]
  0x000000001f6d0000 JavaThread "Cancel handler" [_thread_blocked, id=23784, stack(0x0000000020ec0000,0x0000000020fc0000)]
  0x000000001f54a000 JavaThread "Handler for socket connection from /127.0.0.1:52691 to /127.0.0.1:52692" [_thread_in_native, id=31812, stack(0x0000000020bc0000,0x0000000020cc0000)]
  0x000000001f549000 JavaThread "Daemon" [_thread_blocked, id=31628, stack(0x0000000020ac0000,0x0000000020bc0000)]
  0x000000001f547800 JavaThread "Daemon periodic checks" [_thread_blocked, id=32424, stack(0x00000000209c0000,0x0000000020ac0000)]
  0x000000001f600000 JavaThread "Incoming local TCP Connector on port 52691" [_thread_in_native, id=21668, stack(0x0000000020770000,0x0000000020870000)]
  0x000000001f4c1000 JavaThread "Daemon health stats" [_thread_blocked, id=8612, stack(0x0000000020130000,0x0000000020230000)]
  0x000000001ac1e800 JavaThread "Service Thread" daemon [_thread_blocked, id=32588, stack(0x000000001d790000,0x000000001d890000)]
  0x000000001ab65000 JavaThread "C1 CompilerThread11" daemon [_thread_blocked, id=3552, stack(0x000000001d690000,0x000000001d790000)]
  0x000000001ab64800 JavaThread "C1 CompilerThread10" daemon [_thread_blocked, id=25636, stack(0x000000001d590000,0x000000001d690000)]
  0x000000001ab63000 JavaThread "C1 CompilerThread9" daemon [_thread_blocked, id=11004, stack(0x000000001d490000,0x000000001d590000)]
  0x000000001ab61800 JavaThread "C1 CompilerThread8" daemon [_thread_blocked, id=30636, stack(0x000000001d390000,0x000000001d490000)]
=>0x000000001ab62000 JavaThread "C2 CompilerThread7" daemon [_thread_in_native, id=12424, stack(0x000000001d290000,0x000000001d390000)]
  0x000000001ab60800 JavaThread "C2 CompilerThread6" daemon [_thread_in_native, id=30132, stack(0x000000001d190000,0x000000001d290000)]
  0x000000001ab5f000 JavaThread "C2 CompilerThread5" daemon [_thread_in_native, id=13020, stack(0x000000001d090000,0x000000001d190000)]
  0x000000001ab5e800 JavaThread "C2 CompilerThread4" daemon [_thread_in_native, id=21456, stack(0x000000001cf90000,0x000000001d090000)]
  0x000000001ab63800 JavaThread "C2 CompilerThread3" daemon [_thread_in_native, id=19472, stack(0x000000001ce90000,0x000000001cf90000)]
  0x000000001ab58000 JavaThread "C2 CompilerThread2" daemon [_thread_in_native, id=22960, stack(0x000000001cd90000,0x000000001ce90000)]
  0x000000001ab57800 JavaThread "C2 CompilerThread1" daemon [_thread_in_native, id=19380, stack(0x000000001cc90000,0x000000001cd90000)]
  0x000000001ab53800 JavaThread "C2 CompilerThread0" daemon [_thread_in_native, id=1236, stack(0x000000001cb90000,0x000000001cc90000)]
  0x000000001ab52800 JavaThread "Attach Listener" daemon [_thread_blocked, id=9480, stack(0x000000001ca90000,0x000000001cb90000)]
  0x000000001ab52000 JavaThread "Signal Dispatcher" daemon [_thread_blocked, id=18284, stack(0x000000001c990000,0x000000001ca90000)]
  0x0000000018e5c000 JavaThread "Finalizer" daemon [_thread_blocked, id=32, stack(0x000000001c790000,0x000000001c890000)]
  0x0000000018e53800 JavaThread "Reference Handler" daemon [_thread_blocked, id=8240, stack(0x000000001c690000,0x000000001c790000)]
  0x00000000035e2800 JavaThread "main" [_thread_blocked, id=21648, stack(0x00000000034e0000,0x00000000035e0000)]

Other Threads:
  0x000000001ab15000 VMThread [stack: 0x000000001c590000,0x000000001c690000] [id=21700]
  0x000000001ac41000 WatcherThread [stack: 0x000000001d890000,0x000000001d990000] [id=29924]

VM state:not at safepoint (normal execution)

VM Mutex/Monitor currently owned by a thread: None

heap address: 0x0000000080000000, size: 2048 MB, Compressed Oops mode: 32-bit
Narrow klass base: 0x0000000000000000, Narrow klass shift: 3
Compressed class space size: 1073741824 Address: 0x0000000100000000

Heap:
 PSYoungGen      total 648192K, used 265878K [0x00000000d5580000, 0x00000000ffc00000, 0x0000000100000000)
  eden space 601088K, 40% used [0x00000000d5580000,0x00000000e41b95f0,0x00000000fa080000)
  from space 47104K, 51% used [0x00000000fce00000,0x00000000fe5e5250,0x00000000ffc00000)
  to   space 46592K, 0% used [0x00000000fa080000,0x00000000fa080000,0x00000000fce00000)
 ParOldGen       total 465920K, used 257877K [0x0000000080000000, 0x000000009c700000, 0x00000000d5580000)
  object space 465920K, 55% used [0x0000000080000000,0x000000008fbd56f0,0x000000009c700000)
 Metaspace       used 87774K, capacity 92764K, committed 99264K, reserved 1134592K
  class space    used 11686K, capacity 12769K, committed 14336K, reserved 1048576K

Card table byte_map: [0x0000000012aa0000,0x0000000012eb0000] byte_map_base: 0x00000000126a0000

Marking Bits: (ParMarkBitMap*) 0x00000000604bf030
 Begin Bits: [0x0000000014060000, 0x0000000016060000)
 End Bits:   [0x0000000016060000, 0x0000000018060000)

Polling page: 0x0000000003220000

CodeCache: size=245760Kb used=39266Kb max_used=50455Kb free=206493Kb
 bounds [0x00000000036e0000, 0x0000000006870000, 0x00000000126e0000]
 total_blobs=11806 nmethods=10942 adapters=772
 compilation: enabled

Compilation events (10 events):
Event: 14.669 Thread 0x000000001ab62000 nmethod 27643 0x000000000565fdd0 code [0x000000000565ff80, 0x00000000056603f0]
Event: 14.669 Thread 0x000000001ab62000 27644       4       java.util.IdentityHashMap$IdentityHashMapIterator::hasNext (50 bytes)
Event: 14.671 Thread 0x000000001ab62000 nmethod 27644 0x000000000565a0d0 code [0x000000000565a200, 0x000000000565a378]
Event: 14.671 Thread 0x000000001ab62000 27622       4       com.android.tools.r8.u.c.t::a (13 bytes)
Event: 14.677 Thread 0x000000001ab62000 nmethod 27622 0x0000000005644210 code [0x00000000056443e0, 0x0000000005644bf8]
Event: 14.677 Thread 0x000000001ab62000 25412       4       com.android.tools.r8.ir.optimize.Z::a (406 bytes)
Event: 14.687 Thread 0x000000001ab65000 27645       2       com.android.tools.r8.utils.c0::d (20 bytes)
Event: 14.687 Thread 0x000000001ab65000 nmethod 27645 0x00000000054c0910 code [0x00000000054c0a80, 0x00000000054c0c08]
Event: 14.690 Thread 0x000000001ab64800 27646       2       com.android.tools.r8.graph.DexValue$e::a (17 bytes)
Event: 14.691 Thread 0x000000001ab64800 nmethod 27646 0x000000000565f910 code [0x000000000565fa80, 0x000000000565fc58]

GC Heap History (10 events):
Event: 13.582 GC heap before
{Heap before GC invocations=32 (full 4):
 PSYoungGen      total 641536K, used 602085K [0x00000000d5580000, 0x00000000ffd00000, 0x0000000100000000)
  eden space 586240K, 100% used [0x00000000d5580000,0x00000000f9200000,0x00000000f9200000)
  from space 55296K, 28% used [0x00000000f9200000,0x00000000fa179678,0x00000000fc800000)
  to   space 53760K, 0% used [0x00000000fc880000,0x00000000fc880000,0x00000000ffd00000)
 ParOldGen       total 465920K, used 240811K [0x0000000080000000, 0x000000009c700000, 0x00000000d5580000)
  object space 465920K, 51% used [0x0000000080000000,0x000000008eb2ad08,0x000000009c700000)
 Metaspace       used 87735K, capacity 92764K, committed 99264K, reserved 1134592K
  class space    used 11686K, capacity 12769K, committed 14336K, reserved 1048576K
Event: 13.592 GC heap after
Heap after GC invocations=32 (full 4):
 PSYoungGen      total 642048K, used 15853K [0x00000000d5580000, 0x00000000ffb80000, 0x0000000100000000)
  eden space 589824K, 0% used [0x00000000d5580000,0x00000000d5580000,0x00000000f9580000)
  from space 52224K, 30% used [0x00000000fc880000,0x00000000fd7fb490,0x00000000ffb80000)
  to   space 52224K, 0% used [0x00000000f9580000,0x00000000f9580000,0x00000000fc880000)
 ParOldGen       total 465920K, used 245182K [0x0000000080000000, 0x000000009c700000, 0x00000000d5580000)
  object space 465920K, 52% used [0x0000000080000000,0x000000008ef6f9f0,0x000000009c700000)
 Metaspace       used 87735K, capacity 92764K, committed 99264K, reserved 1134592K
  class space    used 11686K, capacity 12769K, committed 14336K, reserved 1048576K
}
Event: 13.791 GC heap before
{Heap before GC invocations=33 (full 4):
 PSYoungGen      total 642048K, used 605677K [0x00000000d5580000, 0x00000000ffb80000, 0x0000000100000000)
  eden space 589824K, 100% used [0x00000000d5580000,0x00000000f9580000,0x00000000f9580000)
  from space 52224K, 30% used [0x00000000fc880000,0x00000000fd7fb490,0x00000000ffb80000)
  to   space 52224K, 0% used [0x00000000f9580000,0x00000000f9580000,0x00000000fc880000)
 ParOldGen       total 465920K, used 245182K [0x0000000080000000, 0x000000009c700000, 0x00000000d5580000)
  object space 465920K, 52% used [0x0000000080000000,0x000000008ef6f9f0,0x000000009c700000)
 Metaspace       used 87752K, capacity 92764K, committed 99264K, reserved 1134592K
  class space    used 11686K, capacity 12769K, committed 14336K, reserved 1048576K
Event: 13.801 GC heap after
Heap after GC invocations=33 (full 4):
 PSYoungGen      total 642048K, used 16109K [0x00000000d5580000, 0x00000000ffc00000, 0x0000000100000000)
  eden space 589824K, 0% used [0x00000000d5580000,0x00000000d5580000,0x00000000f9580000)
  from space 52224K, 30% used [0x00000000f9580000,0x00000000fa53b498,0x00000000fc880000)
  to   space 50176K, 0% used [0x00000000fcb00000,0x00000000fcb00000,0x00000000ffc00000)
 ParOldGen       total 465920K, used 248275K [0x0000000080000000, 0x000000009c700000, 0x00000000d5580000)
  object space 465920K, 53% used [0x0000000080000000,0x000000008f274d10,0x000000009c700000)
 Metaspace       used 87752K, capacity 92764K, committed 99264K, reserved 1134592K
  class space    used 11686K, capacity 12769K, committed 14336K, reserved 1048576K
}
Event: 14.045 GC heap before
{Heap before GC invocations=34 (full 4):
 PSYoungGen      total 642048K, used 605933K [0x00000000d5580000, 0x00000000ffc00000, 0x0000000100000000)
  eden space 589824K, 100% used [0x00000000d5580000,0x00000000f9580000,0x00000000f9580000)
  from space 52224K, 30% used [0x00000000f9580000,0x00000000fa53b498,0x00000000fc880000)
  to   space 50176K, 0% used [0x00000000fcb00000,0x00000000fcb00000,0x00000000ffc00000)
 ParOldGen       total 465920K, used 248275K [0x0000000080000000, 0x000000009c700000, 0x00000000d5580000)
  object space 465920K, 53% used [0x0000000080000000,0x000000008f274d10,0x000000009c700000)
 Metaspace       used 87759K, capacity 92764K, committed 99264K, reserved 1134592K
  class space    used 11686K, capacity 12769K, committed 14336K, reserved 1048576K
Event: 14.055 GC heap after
Heap after GC invocations=34 (full 4):
 PSYoungGen      total 645632K, used 14310K [0x00000000d5580000, 0x00000000ffc00000, 0x0000000100000000)
  eden space 595456K, 0% used [0x00000000d5580000,0x00000000d5580000,0x00000000f9b00000)
  from space 50176K, 28% used [0x00000000fcb00000,0x00000000fd8f9b00,0x00000000ffc00000)
  to   space 49152K, 0% used [0x00000000f9b00000,0x00000000f9b00000,0x00000000fcb00000)
 ParOldGen       total 465920K, used 251912K [0x0000000080000000, 0x000000009c700000, 0x00000000d5580000)
  object space 465920K, 54% used [0x0000000080000000,0x000000008f6022e8,0x000000009c700000)
 Metaspace       used 87759K, capacity 92764K, committed 99264K, reserved 1134592K
  class space    used 11686K, capacity 12769K, committed 14336K, reserved 1048576K
}
Event: 14.315 GC heap before
{Heap before GC invocations=35 (full 4):
 PSYoungGen      total 645632K, used 609766K [0x00000000d5580000, 0x00000000ffc00000, 0x0000000100000000)
  eden space 595456K, 100% used [0x00000000d5580000,0x00000000f9b00000,0x00000000f9b00000)
  from space 50176K, 28% used [0x00000000fcb00000,0x00000000fd8f9b00,0x00000000ffc00000)
  to   space 49152K, 0% used [0x00000000f9b00000,0x00000000f9b00000,0x00000000fcb00000)
 ParOldGen       total 465920K, used 251912K [0x0000000080000000, 0x000000009c700000, 0x00000000d5580000)
  object space 465920K, 54% used [0x0000000080000000,0x000000008f6022e8,0x000000009c700000)
 Metaspace       used 87770K, capacity 92764K, committed 99264K, reserved 1134592K
  class space    used 11686K, capacity 12769K, committed 14336K, reserved 1048576K
Event: 14.325 GC heap after
Heap after GC invocations=35 (full 4):
 PSYoungGen      total 644608K, used 10814K [0x00000000d5580000, 0x00000000ffd00000, 0x0000000100000000)
  eden space 595456K, 0% used [0x00000000d5580000,0x00000000d5580000,0x00000000f9b00000)
  from space 49152K, 22% used [0x00000000f9b00000,0x00000000fa58fb30,0x00000000fcb00000)
  to   space 48128K, 0% used [0x00000000fce00000,0x00000000fce00000,0x00000000ffd00000)
 ParOldGen       total 465920K, used 255914K [0x0000000080000000, 0x000000009c700000, 0x00000000d5580000)
  object space 465920K, 54% used [0x0000000080000000,0x000000008f9eabc8,0x000000009c700000)
 Metaspace       used 87770K, capacity 92764K, committed 99264K, reserved 1134592K
  class space    used 11686K, capacity 12769K, committed 14336K, reserved 1048576K
}
Event: 14.625 GC heap before
{Heap before GC invocations=36 (full 4):
 PSYoungGen      total 644608K, used 606270K [0x00000000d5580000, 0x00000000ffd00000, 0x0000000100000000)
  eden space 595456K, 100% used [0x00000000d5580000,0x00000000f9b00000,0x00000000f9b00000)
  from space 49152K, 22% used [0x00000000f9b00000,0x00000000fa58fb30,0x00000000fcb00000)
  to   space 48128K, 0% used [0x00000000fce00000,0x00000000fce00000,0x00000000ffd00000)
 ParOldGen       total 465920K, used 255914K [0x0000000080000000, 0x000000009c700000, 0x00000000d5580000)
  object space 465920K, 54% used [0x0000000080000000,0x000000008f9eabc8,0x000000009c700000)
 Metaspace       used 87774K, capacity 92764K, committed 99264K, reserved 1134592K
  class space    used 11686K, capacity 12769K, committed 14336K, reserved 1048576K
Event: 14.638 GC heap after
Heap after GC invocations=36 (full 4):
 PSYoungGen      total 648192K, used 24468K [0x00000000d5580000, 0x00000000ffc00000, 0x0000000100000000)
  eden space 601088K, 0% used [0x00000000d5580000,0x00000000d5580000,0x00000000fa080000)
  from space 47104K, 51% used [0x00000000fce00000,0x00000000fe5e5250,0x00000000ffc00000)
  to   space 46592K, 0% used [0x00000000fa080000,0x00000000fa080000,0x00000000fce00000)
 ParOldGen       total 465920K, used 257877K [0x0000000080000000, 0x000000009c700000, 0x00000000d5580000)
  object space 465920K, 55% used [0x0000000080000000,0x000000008fbd56f0,0x000000009c700000)
 Metaspace       used 87774K, capacity 92764K, committed 99264K, reserved 1134592K
  class space    used 11686K, capacity 12769K, committed 14336K, reserved 1048576K
}

Deoptimization events (10 events):
Event: 14.241 Thread 0x000000001f6f3800 Uncommon trap: reason=null_check action=make_not_entrant pc=0x000000000540fcb4 method=com.android.tools.r8.u.c.o.c(I)Lcom/android/tools/r8/graph/r; @ 37
Event: 14.243 Thread 0x0000000023d8e000 Uncommon trap: reason=class_check action=maybe_recompile pc=0x000000000513aee0 method=sun.nio.ch.IOUtil.writeFromNativeBuffer(Ljava/io/FileDescriptor;Ljava/nio/ByteBuffer;JLsun/nio/ch/NativeDispatcher;)I @ 114
Event: 14.243 Thread 0x00000000220f6800 Uncommon trap: reason=class_check action=maybe_recompile pc=0x000000000513aee0 method=sun.nio.ch.IOUtil.writeFromNativeBuffer(Ljava/io/FileDescriptor;Ljava/nio/ByteBuffer;JLsun/nio/ch/NativeDispatcher;)I @ 114
Event: 14.243 Thread 0x0000000023d93000 Uncommon trap: reason=class_check action=maybe_recompile pc=0x000000000513aee0 method=sun.nio.ch.IOUtil.writeFromNativeBuffer(Ljava/io/FileDescriptor;Ljava/nio/ByteBuffer;JLsun/nio/ch/NativeDispatcher;)I @ 114
Event: 14.243 Thread 0x0000000023d8e000 Uncommon trap: reason=class_check action=maybe_recompile pc=0x000000000513aee0 method=sun.nio.ch.IOUtil.writeFromNativeBuffer(Ljava/io/FileDescriptor;Ljava/nio/ByteBuffer;JLsun/nio/ch/NativeDispatcher;)I @ 114
Event: 14.243 Thread 0x00000000220f6800 Uncommon trap: reason=class_check action=maybe_recompile pc=0x000000000513aee0 method=sun.nio.ch.IOUtil.writeFromNativeBuffer(Ljava/io/FileDescriptor;Ljava/nio/ByteBuffer;JLsun/nio/ch/NativeDispatcher;)I @ 114
Event: 14.249 Thread 0x0000000023d8a000 Uncommon trap: reason=class_check action=maybe_recompile pc=0x000000000415cee4 method=sun.nio.ch.IOUtil.writeFromNativeBuffer(Ljava/io/FileDescriptor;Ljava/nio/ByteBuffer;JLsun/nio/ch/NativeDispatcher;)I @ 114
Event: 14.249 Thread 0x000000001f6f3800 Uncommon trap: reason=class_check action=maybe_recompile pc=0x000000000415cee4 method=sun.nio.ch.IOUtil.writeFromNativeBuffer(Ljava/io/FileDescriptor;Ljava/nio/ByteBuffer;JLsun/nio/ch/NativeDispatcher;)I @ 114
Event: 14.538 Thread 0x0000000027d20800 Uncommon trap: reason=unstable_if action=reinterpret pc=0x0000000003ceb18c method=com.android.tools.r8.graph.V$l.a(Lcom/android/tools/r8/graph/Y;)Lcom/android/tools/r8/graph/Y; @ 15
Event: 14.539 Thread 0x0000000023d89800 Uncommon trap: reason=unstable_if action=reinterpret pc=0x00000000054b5a40 method=com.android.tools.r8.u.c.o.a(Lcom/android/tools/r8/u/c/M;)V @ 210

Classes redefined (1 events):
Event: 7.890 Thread 0x000000001ab15000 redefined class name=java.lang.ProcessBuilder, count=1

Internal exceptions (10 events):
Event: 11.128 Thread 0x0000000023d94800 Implicit null exception at 0x0000000003d87224 to 0x0000000003d8d6cd
Event: 11.129 Thread 0x0000000023d8a000 Implicit null exception at 0x0000000003d87224 to 0x0000000003d8d6cd
Event: 11.391 Thread 0x00000000220f9000 Implicit null exception at 0x0000000004ad844f to 0x0000000004ad85bd
Event: 11.464 Thread 0x00000000220f8000 Implicit null exception at 0x00000000048f567b to 0x00000000048f7fa9
Event: 11.465 Thread 0x0000000023d8e000 Implicit null exception at 0x00000000048f567b to 0x00000000048f7fa9
Event: 11.734 Thread 0x00000000220f8000 Implicit null exception at 0x0000000004a52b94 to 0x0000000004a54c91
Event: 12.224 Thread 0x00000000220f9000 Implicit null exception at 0x0000000004a2d673 to 0x0000000004a2f92d
Event: 14.120 Thread 0x00000000220f6800 Implicit null exception at 0x000000000515eec4 to 0x000000000515f229
Event: 14.241 Thread 0x0000000027d20800 Implicit null exception at 0x000000000540d40f to 0x000000000540fc6d
Event: 14.241 Thread 0x000000001f6f3800 Implicit null exception at 0x000000000540d40f to 0x000000000540fc6d

Events (10 events):
Event: 14.684 Thread 0x0000000026740800 DEOPT PACKING pc=0x0000000004d5f49d sp=0x0000000033b7ccb0
Event: 14.684 Thread 0x0000000026740800 DEOPT UNPACKING pc=0x00000000037275d0 sp=0x0000000033b7cac0 mode 0
Event: 14.687 Thread 0x0000000027d20000 DEOPT PACKING pc=0x0000000003bde276 sp=0x0000000037b0d330
Event: 14.687 Thread 0x0000000027d20000 DEOPT UNPACKING pc=0x00000000037275d0 sp=0x0000000037b0d630 mode 0
Event: 14.687 Thread 0x0000000027d23000 DEOPT PACKING pc=0x0000000004e35bb0 sp=0x0000000037f0c8b0
Event: 14.687 Thread 0x0000000027d23000 DEOPT UNPACKING pc=0x00000000037275d0 sp=0x0000000037f0c8d8 mode 0
Event: 14.691 Thread 0x0000000027d21800 DEOPT PACKING pc=0x0000000004e34c66 sp=0x0000000037d0c520
Event: 14.691 Thread 0x0000000027d21800 DEOPT UNPACKING pc=0x00000000037275d0 sp=0x0000000037d0c550 mode 0
Event: 14.697 Thread 0x0000000027d22000 DEOPT PACKING pc=0x0000000004e35bb0 sp=0x0000000037e0c440
Event: 14.697 Thread 0x0000000027d22000 DEOPT UNPACKING pc=0x00000000037275d0 sp=0x0000000037e0c468 mode 0


Dynamic libraries:
0x00007ff67b990000 - 0x00007ff67b9c1000 	C:\AndroidSetup_4.0\android40\jre\bin\java.exe
0x00007ff9716c0000 - 0x00007ff9718c9000 	C:\WINDOWS\SYSTEM32\ntdll.dll
0x00007ff970420000 - 0x00007ff9704de000 	C:\WINDOWS\System32\KERNEL32.DLL
0x00007ff96ee70000 - 0x00007ff96f1eb000 	C:\WINDOWS\System32\KERNELBASE.dll
0x00007ff9708e0000 - 0x00007ff97098e000 	C:\WINDOWS\System32\ADVAPI32.dll
0x00007ff96f650000 - 0x00007ff96f6f3000 	C:\WINDOWS\System32\msvcrt.dll
0x00007ff970690000 - 0x00007ff97072e000 	C:\WINDOWS\System32\sechost.dll
0x00007ff96f9a0000 - 0x00007ff96fac0000 	C:\WINDOWS\System32\RPCRT4.dll
0x00007ff9704e0000 - 0x00007ff97068d000 	C:\WINDOWS\System32\USER32.dll
0x00007ff96eca0000 - 0x00007ff96ecc6000 	C:\WINDOWS\System32\win32u.dll
0x00007ff970e00000 - 0x00007ff970e29000 	C:\WINDOWS\System32\GDI32.dll
0x00007ff96ed50000 - 0x00007ff96ee68000 	C:\WINDOWS\System32\gdi32full.dll
0x00007ff96eb90000 - 0x00007ff96ec2d000 	C:\WINDOWS\System32\msvcp_win.dll
0x00007ff96f360000 - 0x00007ff96f471000 	C:\WINDOWS\System32\ucrtbase.dll
0x00007ff94f410000 - 0x00007ff94f6b5000 	C:\WINDOWS\WinSxS\amd64_microsoft.windows.common-controls_6595b64144ccf1df_6.0.22000.120_none_9d947278b86cc467\COMCTL32.dll
0x00007ff9702b0000 - 0x00007ff9702e2000 	C:\WINDOWS\System32\IMM32.DLL
0x0000000003240000 - 0x0000000003254000 	C:\WINDOWS\System32\umppc16104.dll
0x000000005fa40000 - 0x000000005fb12000 	C:\AndroidSetup_4.0\android40\jre\jre\bin\msvcr100.dll
0x000000005fcf0000 - 0x000000006053b000 	C:\AndroidSetup_4.0\android40\jre\jre\bin\server\jvm.dll
0x00007ff971380000 - 0x00007ff971388000 	C:\WINDOWS\System32\PSAPI.DLL
0x00007ff91dbb0000 - 0x00007ff91dbb9000 	C:\WINDOWS\SYSTEM32\WSOCK32.dll
0x00007ff96f5d0000 - 0x00007ff96f63f000 	C:\WINDOWS\System32\WS2_32.dll
0x00007ff960f60000 - 0x00007ff960f93000 	C:\WINDOWS\SYSTEM32\WINMM.dll
0x00007ff96c830000 - 0x00007ff96c83a000 	C:\WINDOWS\SYSTEM32\VERSION.dll
0x00007ff96b8d0000 - 0x00007ff96b8df000 	C:\AndroidSetup_4.0\android40\jre\jre\bin\verify.dll
0x00007ff95ed30000 - 0x00007ff95ed59000 	C:\AndroidSetup_4.0\android40\jre\jre\bin\java.dll
0x00007ff95ed10000 - 0x00007ff95ed26000 	C:\AndroidSetup_4.0\android40\jre\jre\bin\zip.dll
0x00007ff96fac0000 - 0x00007ff970278000 	C:\WINDOWS\System32\SHELL32.dll
0x00007ff96cc80000 - 0x00007ff96d4e5000 	C:\WINDOWS\SYSTEM32\windows.storage.dll
0x00007ff970f20000 - 0x00007ff971298000 	C:\WINDOWS\System32\combase.dll
0x00007ff96cb10000 - 0x00007ff96cc76000 	C:\WINDOWS\SYSTEM32\wintypes.dll
0x00007ff970e30000 - 0x00007ff970f1a000 	C:\WINDOWS\System32\SHCORE.dll
0x00007ff971320000 - 0x00007ff97137d000 	C:\WINDOWS\System32\shlwapi.dll
0x00007ff96eac0000 - 0x00007ff96eae1000 	C:\WINDOWS\SYSTEM32\profapi.dll
0x00007ff95ecf0000 - 0x00007ff95ed0a000 	C:\AndroidSetup_4.0\android40\jre\jre\bin\net.dll
0x00007ff96e0b0000 - 0x00007ff96e117000 	C:\WINDOWS\system32\mswsock.dll
0x00007ff95ecd0000 - 0x00007ff95ece3000 	C:\AndroidSetup_4.0\android40\jre\jre\bin\nio.dll
0x00007ff95efc0000 - 0x00007ff95efe6000 	C:\Users\arshadsharif\.gradle\native\30\windows-amd64\native-platform.dll
0x00007ff960e90000 - 0x00007ff960e9d000 	C:\AndroidSetup_4.0\android40\jre\jre\bin\management.dll
0x00007ff96e2f0000 - 0x00007ff96e308000 	C:\WINDOWS\SYSTEM32\CRYPTSP.dll
0x00007ff96db70000 - 0x00007ff96dba5000 	C:\WINDOWS\system32\rsaenh.dll
0x00007ff96e1a0000 - 0x00007ff96e1c9000 	C:\WINDOWS\SYSTEM32\USERENV.dll
0x00007ff96e4f0000 - 0x00007ff96e517000 	C:\WINDOWS\SYSTEM32\bcrypt.dll
0x00007ff96ecd0000 - 0x00007ff96ed4f000 	C:\WINDOWS\System32\bcryptprimitives.dll
0x00007ff96e310000 - 0x00007ff96e31c000 	C:\WINDOWS\SYSTEM32\CRYPTBASE.dll
0x00007ff96d730000 - 0x00007ff96d75d000 	C:\WINDOWS\SYSTEM32\IPHLPAPI.DLL
0x00007ff970730000 - 0x00007ff970739000 	C:\WINDOWS\System32\NSI.dll
0x00007ff969e80000 - 0x00007ff969e99000 	C:\WINDOWS\SYSTEM32\dhcpcsvc6.DLL
0x00007ff969e60000 - 0x00007ff969e7e000 	C:\WINDOWS\SYSTEM32\dhcpcsvc.DLL
0x00007ff96d760000 - 0x00007ff96d848000 	C:\WINDOWS\SYSTEM32\DNSAPI.dll
0x00007ff944d60000 - 0x00007ff944d77000 	C:\WINDOWS\system32\napinsp.dll
0x00007ff944d80000 - 0x00007ff944d9b000 	C:\WINDOWS\system32\pnrpnsp.dll
0x00007ff944da0000 - 0x00007ff944db2000 	C:\WINDOWS\System32\winrnr.dll
0x00007ff946050000 - 0x00007ff946065000 	C:\WINDOWS\system32\wshbth.dll
0x00007ff9460c0000 - 0x00007ff9460df000 	C:\WINDOWS\system32\nlansp_c.dll
0x00007ff9665a0000 - 0x00007ff9665aa000 	C:\Windows\System32\rasadhlp.dll
0x00007ff969f40000 - 0x00007ff969fc1000 	C:\WINDOWS\System32\fwpuclnt.dll
0x00007ff96c900000 - 0x00007ff96c909000 	C:\AndroidSetup_4.0\android40\jre\jre\bin\attach.dll
0x00007ff96bc20000 - 0x00007ff96bc43000 	C:\AndroidSetup_4.0\android40\jre\jre\bin\instrument.dll

VM Arguments:
jvm_args: -XX:MaxPermSize=512m -XX:MaxHeapSize=32g -XX:+HeapDumpOnOutOfMemoryError -Xmx2048m -Dfile.encoding=UTF-8 -Duser.country=US -Duser.language=en -Duser.variant 
java_command: org.gradle.launcher.daemon.bootstrap.GradleDaemon 5.6.4
java_class_path (initial): C:\Users\arshadsharif\.gradle\wrapper\dists\gradle-5.6.4-all\ankdp27end7byghfw1q2sw75f\gradle-5.6.4\lib\gradle-launcher-5.6.4.jar
Launcher Type: SUN_STANDARD

Environment Variables:
JAVA_HOME=C:\Program Files\java\jdk-11.0.14
PATH=C:\Program Files\Common Files\Oracle\Java\javapath;C:\WINDOWS\system32;C:\WINDOWS;C:\WINDOWS\System32\Wbem;C:\WINDOWS\System32\WindowsPowerShell\v1.0\;C:\WINDOWS\System32\OpenSSH\;C:\Program Files\dotnet\;C:\Program Files\Microsoft SQL Server\130\Tools\Binn\;C:\Program Files\Microsoft SQL Server\Client SDK\ODBC\170\Tools\Binn\;C:\Program Files (x86)\Microsoft SQL Server\Client SDK\ODBC\130\Tools\Binn\;C:\Program Files (x86)\Microsoft SQL Server\140\Tools\Binn\;C:\Program Files (x86)\Microsoft SQL Server\140\DTS\Binn\;C:\Program Files (x86)\Microsoft SQL Server\140\Tools\Binn\ManagementStudio\;C:\Program Files\Microsoft VS Code\bin;C:\Sdk;C:\Program Files (x86)\nodejs\;C:\Program Files\Java\jdk-11.0.14;C:\Program Files\Git\cmd;C:\Users\arshadsharif\AppData\Local\Microsoft\WindowsApps;C:\Users\arshadsharif\AppData\Local\Programs\Git\cmd;
USERNAME=ARSHADSHARIF
OS=Windows_NT
PROCESSOR_IDENTIFIER=Intel64 Family 6 Model 165 Stepping 5, GenuineIntel



---------------  S Y S T E M  ---------------

OS: Windows 10.0 , 64 bit Build 22000 (10.0.22000.1219)

CPU:total 20 (initial active 20) (10 cores per cpu, 2 threads per core) family 6 model 165 stepping 5, cmov, cx8, fxsr, mmx, sse, sse2, sse3, ssse3, sse4.1, sse4.2, popcnt, avx, avx2, aes, clmul, erms, 3dnowpref, lzcnt, ht, tsc, tscinvbit, bmi1, bmi2, adx

Memory: 4k page, physical 16462888k(1937664k free), swap 16462888k(5352k free)

vm_info: OpenJDK 64-Bit Server VM (25.242-b01) for windows-amd64 JRE (1.8.0_242-release-1644-b01), built by "builder" with MS VC++ 10.0 (VS2010)

time: Mon Nov 28 22:19:39 2022
timezone: Pakistan Standard Time
elapsed time: 14 seconds (0d 0h 0m 14s)

