#
# There is insufficient memory for the Java Runtime Environment to continue.
# Native memory allocation (malloc) failed to allocate 1099856 bytes for Chunk::new
# Possible reasons:
#   The system is out of physical RAM or swap space
#   The process is running with CompressedOops enabled, and the Java Heap may be blocking the growth of the native heap
# Possible solutions:
#   Reduce memory load on the system
#   Increase physical memory or swap space
#   Check if swap backing store is full
#   Decrease Java heap size (-Xmx/-Xms)
#   Decrease number of Java threads
#   Decrease Java thread stack sizes (-Xss)
#   Set larger code cache with -XX:ReservedCodeCacheSize=
#   JVM is running with Unscaled Compressed Oops mode in which the Java heap is
#     placed in the first 4GB address space. The Java Heap base address is the
#     maximum limit for the native heap growth. Please use -XX:HeapBaseMinAddress
#     to set the Java Heap base and to place the Java Heap above 4GB virtual address.
# This output file may be truncated or incomplete.
#
#  Out of Memory Error (allocation.cpp:389), pid=752, tid=0x0000000000005ae8
#
# JRE version: OpenJDK Runtime Environment (8.0_242-b01) (build 1.8.0_242-release-1644-b01)
# Java VM: OpenJDK 64-Bit Server VM (25.242-b01 mixed mode windows-amd64 compressed oops)
# Failed to write core dump. Minidumps are not enabled by default on client versions of Windows
#

---------------  T H R E A D  ---------------

Current thread (0x000000001a215000):  JavaThread "C2 CompilerThread4" daemon [_thread_in_native, id=23272, stack(0x000000001c660000,0x000000001c760000)]

Stack: [0x000000001c660000,0x000000001c760000]
[error occurred during error reporting (printing stack bounds), id 0xc0000005]

Native frames: (J=compiled Java code, j=interpreted, Vv=VM code, C=native code)


Current CompileTask:
C2:  13860 27409       4       com.android.tools.r8.u.c.o::a (1157 bytes)


---------------  P R O C E S S  ---------------

Java Threads: ( => current thread )
  0x000000002c884000 JavaThread "WorkerExecutor Queue Thread 21" [_thread_in_Java, id=30268, stack(0x0000000037340000,0x0000000037440000)]
  0x0000000025cbf800 JavaThread "WorkerExecutor Queue Thread 20" [_thread_in_native, id=7680, stack(0x0000000036410000,0x0000000036510000)]
  0x0000000025cbe800 JavaThread "WorkerExecutor Queue Thread 19" [_thread_in_Java, id=30688, stack(0x0000000036310000,0x0000000036410000)]
  0x0000000025cbe000 JavaThread "WorkerExecutor Queue Thread 18" [_thread_in_Java, id=29012, stack(0x0000000035dc0000,0x0000000035ec0000)]
  0x0000000025cc4000 JavaThread "WorkerExecutor Queue Thread 17" [_thread_in_Java, id=12752, stack(0x0000000036010000,0x0000000036110000)]
  0x0000000025cc2000 JavaThread "WorkerExecutor Queue Thread 16" [_thread_in_Java, id=23504, stack(0x0000000035f10000,0x0000000036010000)]
  0x000000001d79a000 JavaThread "WorkerExecutor Queue Thread 15" [_thread_in_native, id=21992, stack(0x0000000035cc0000,0x0000000035dc0000)]
  0x000000001d799000 JavaThread "WorkerExecutor Queue Thread 14" [_thread_in_Java, id=6732, stack(0x0000000035bc0000,0x0000000035cc0000)]
  0x000000001d797000 JavaThread "WorkerExecutor Queue Thread 13" [_thread_in_native, id=1276, stack(0x0000000035ac0000,0x0000000035bc0000)]
  0x000000001d795800 JavaThread "WorkerExecutor Queue Thread 12" [_thread_in_native, id=28704, stack(0x00000000359c0000,0x0000000035ac0000)]
  0x000000001d798800 JavaThread "WorkerExecutor Queue Thread 11" [_thread_in_native_trans, id=21588, stack(0x00000000358c0000,0x00000000359c0000)]
  0x000000001d794800 JavaThread "WorkerExecutor Queue Thread 10" [_thread_in_native, id=20756, stack(0x00000000357c0000,0x00000000358c0000)]
  0x000000001d796000 JavaThread "WorkerExecutor Queue Thread 9" [_thread_in_Java, id=18656, stack(0x0000000035580000,0x0000000035680000)]
  0x000000001d79a800 JavaThread "WorkerExecutor Queue Thread 8" [_thread_in_Java, id=592, stack(0x00000000356c0000,0x00000000357c0000)]
  0x000000001d797800 JavaThread "WorkerExecutor Queue Thread 7" [_thread_in_native, id=23300, stack(0x0000000035480000,0x0000000035580000)]
  0x000000001d79b800 JavaThread "WorkerExecutor Queue Thread 6" [_thread_in_Java, id=11844, stack(0x0000000035380000,0x0000000035480000)]
  0x000000001d78d000 JavaThread "WorkerExecutor Queue Thread 5" [_thread_in_native, id=24172, stack(0x0000000035280000,0x0000000035380000)]
  0x000000001d78e800 JavaThread "WorkerExecutor Queue Thread 4" [_thread_blocked, id=26360, stack(0x0000000035180000,0x0000000035280000)]
  0x000000001d794000 JavaThread "WorkerExecutor Queue Thread 3" [_thread_in_Java, id=18540, stack(0x0000000035080000,0x0000000035180000)]
  0x000000001d78f800 JavaThread "WorkerExecutor Queue Thread 2" [_thread_in_native, id=30280, stack(0x0000000031b70000,0x0000000031c70000)]
  0x000000001d78e000 JavaThread "WorkerExecutor Queue" [_thread_in_native, id=10192, stack(0x0000000031970000,0x0000000031a70000)]
  0x000000001d793000 JavaThread "Cache worker for execution history cache (C:\Users\arshadsharif\Desktop\aaaa\shamrock_android_11_22_22\shamrock_android\CarePay\.gradle\5.6.4\executionHistory)" [_thread_blocked, id=4056, stack(0x0000000030e70000,0x0000000030f70000)]
  0x000000001d791800 JavaThread "Execution worker for ':' Thread 19" [_thread_blocked, id=1520, stack(0x00000000311a0000,0x00000000312a0000)]
  0x000000001d790000 JavaThread "Execution worker for ':' Thread 18" [_thread_blocked, id=26928, stack(0x00000000310a0000,0x00000000311a0000)]
  0x000000001d78c800 JavaThread "Execution worker for ':' Thread 17" [_thread_blocked, id=25612, stack(0x0000000030fa0000,0x00000000310a0000)]
  0x000000001d792800 JavaThread "Execution worker for ':' Thread 16" [_thread_blocked, id=29364, stack(0x0000000030d70000,0x0000000030e70000)]
  0x000000001d791000 JavaThread "Execution worker for ':' Thread 15" [_thread_blocked, id=4512, stack(0x0000000030c70000,0x0000000030d70000)]
  0x0000000025062000 JavaThread "Execution worker for ':' Thread 14" [_thread_blocked, id=18392, stack(0x0000000030a30000,0x0000000030b30000)]
  0x000000002505f800 JavaThread "Execution worker for ':' Thread 13" [_thread_blocked, id=1628, stack(0x0000000030930000,0x0000000030a30000)]
  0x0000000025ccb800 JavaThread "Execution worker for ':' Thread 12" [_thread_blocked, id=27232, stack(0x0000000030830000,0x0000000030930000)]
  0x0000000025ccb000 JavaThread "Execution worker for ':' Thread 11" [_thread_blocked, id=30644, stack(0x0000000030730000,0x0000000030830000)]
  0x0000000025cca000 JavaThread "Execution worker for ':' Thread 10" [_thread_blocked, id=21264, stack(0x0000000030630000,0x0000000030730000)]
  0x0000000025cc9800 JavaThread "Execution worker for ':' Thread 9" [_thread_blocked, id=14468, stack(0x0000000030530000,0x0000000030630000)]
  0x0000000025ccc800 JavaThread "Execution worker for ':' Thread 8" [_thread_blocked, id=32432, stack(0x0000000030430000,0x0000000030530000)]
  0x0000000025cc8800 JavaThread "Execution worker for ':' Thread 7" [_thread_blocked, id=30208, stack(0x0000000030330000,0x0000000030430000)]
  0x0000000025cc1000 JavaThread "Execution worker for ':' Thread 6" [_thread_blocked, id=18668, stack(0x0000000030230000,0x0000000030330000)]
  0x0000000025cc8000 JavaThread "Execution worker for ':' Thread 5" [_thread_blocked, id=2632, stack(0x0000000030130000,0x0000000030230000)]
  0x0000000025cc3800 JavaThread "Execution worker for ':' Thread 4" [_thread_blocked, id=21816, stack(0x0000000030030000,0x0000000030130000)]
  0x0000000025cc2800 JavaThread "Execution worker for ':' Thread 3" [_thread_blocked, id=17052, stack(0x000000002ff30000,0x0000000030030000)]
  0x0000000025cc7000 JavaThread "Execution worker for ':' Thread 2" [_thread_blocked, id=31412, stack(0x000000002fe30000,0x000000002ff30000)]
  0x0000000025cc0000 JavaThread "Execution worker for ':'" [_thread_blocked, id=22100, stack(0x000000002d2c0000,0x000000002d3c0000)]
  0x0000000025cc6800 JavaThread "Cache worker for file content cache (C:\Users\arshadsharif\Desktop\aaaa\shamrock_android_11_22_22\shamrock_android\CarePay\.gradle\5.6.4\fileContent)" [_thread_blocked, id=21908, stack(0x000000002aee0000,0x000000002afe0000)]
  0x0000000025cc5800 JavaThread "Cache worker for file content cache (C:\Users\arshadsharif\.gradle\caches\5.6.4\fileContent)" [_thread_blocked, id=24504, stack(0x00000000299a0000,0x0000000029aa0000)]
  0x0000000025cbd000 JavaThread "Memory manager" [_thread_blocked, id=20428, stack(0x0000000029260000,0x0000000029360000)]
  0x0000000021ebf000 JavaThread "Cache worker for Build Output Cleanup Cache (C:\Users\arshadsharif\Desktop\aaaa\shamrock_android_11_22_22\shamrock_android\CarePay\.gradle\buildOutputCleanup)" [_thread_blocked, id=19432, stack(0x0000000029160000,0x0000000029260000)]
  0x0000000021eba000 JavaThread "pool-1-thread-1" [_thread_blocked, id=31784, stack(0x0000000028c60000,0x0000000028d60000)]
  0x0000000021eb8800 JavaThread "Build operations Thread 20" [_thread_blocked, id=20120, stack(0x0000000028760000,0x0000000028860000)]
  0x0000000021ebc000 JavaThread "Build operations Thread 19" [_thread_blocked, id=21444, stack(0x0000000028660000,0x0000000028760000)]
  0x0000000021ebb800 JavaThread "Build operations Thread 18" [_thread_blocked, id=26960, stack(0x0000000028560000,0x0000000028660000)]
  0x0000000021ebe800 JavaThread "Build operations Thread 17" [_thread_blocked, id=15064, stack(0x0000000028460000,0x0000000028560000)]
  0x0000000021eb9000 JavaThread "Build operations Thread 16" [_thread_blocked, id=25248, stack(0x0000000028360000,0x0000000028460000)]
  0x0000000021ebd800 JavaThread "Build operations Thread 15" [_thread_blocked, id=20260, stack(0x0000000028260000,0x0000000028360000)]
  0x0000000021ebd000 JavaThread "Build operations Thread 14" [_thread_blocked, id=17432, stack(0x0000000028160000,0x0000000028260000)]
  0x0000000021eba800 JavaThread "Build operations Thread 13" [_thread_blocked, id=27552, stack(0x0000000028060000,0x0000000028160000)]
  0x0000000025068000 JavaThread "Build operations Thread 12" [_thread_blocked, id=30308, stack(0x0000000027f60000,0x0000000028060000)]
  0x0000000025067800 JavaThread "Build operations Thread 11" [_thread_blocked, id=5320, stack(0x0000000027e60000,0x0000000027f60000)]
  0x0000000025066800 JavaThread "Build operations Thread 10" [_thread_blocked, id=26640, stack(0x0000000027d60000,0x0000000027e60000)]
  0x0000000025066000 JavaThread "Build operations Thread 9" [_thread_blocked, id=21828, stack(0x0000000027c60000,0x0000000027d60000)]
  0x000000002506a800 JavaThread "Build operations Thread 8" [_thread_blocked, id=29624, stack(0x0000000027b60000,0x0000000027c60000)]
  0x0000000025064800 JavaThread "Build operations Thread 7" [_thread_blocked, id=11860, stack(0x0000000027a60000,0x0000000027b60000)]
  0x0000000025069800 JavaThread "Build operations Thread 6" [_thread_blocked, id=23704, stack(0x0000000027960000,0x0000000027a60000)]
  0x0000000025069000 JavaThread "Build operations Thread 5" [_thread_blocked, id=11092, stack(0x0000000027860000,0x0000000027960000)]
  0x0000000025065000 JavaThread "Build operations Thread 4" [_thread_blocked, id=11472, stack(0x0000000027760000,0x0000000027860000)]
  0x000000002505c800 JavaThread "Build operations Thread 3" [_thread_blocked, id=20764, stack(0x0000000027660000,0x0000000027760000)]
  0x0000000025063800 JavaThread "Build operations Thread 2" [_thread_blocked, id=13140, stack(0x0000000026340000,0x0000000026440000)]
  0x000000002505d800 JavaThread "Build operations" [_thread_blocked, id=21720, stack(0x0000000026240000,0x0000000026340000)]
  0x0000000025063000 JavaThread "Cache worker for execution history cache (C:\Users\arshadsharif\.gradle\caches\5.6.4\executionHistory)" [_thread_blocked, id=19016, stack(0x0000000025f40000,0x0000000026040000)]
  0x000000002505b000 JavaThread "Cache worker for cache directory md-rule (C:\Users\arshadsharif\.gradle\caches\5.6.4\md-rule)" [_thread_blocked, id=26312, stack(0x0000000025e40000,0x0000000025f40000)]
  0x000000002505e000 JavaThread "Cache worker for cache directory md-supplier (C:\Users\arshadsharif\.gradle\caches\5.6.4\md-supplier)" [_thread_blocked, id=22792, stack(0x0000000024b00000,0x0000000024c00000)]
  0x000000001a23d800 JavaThread "Cache worker for file hash cache (C:\Users\arshadsharif\Desktop\aaaa\shamrock_android_11_22_22\shamrock_android\CarePay\.gradle\5.6.4\fileHashes)" [_thread_blocked, id=21440, stack(0x0000000023230000,0x0000000023330000)]
  0x000000001a23b800 JavaThread "Cache worker for journal cache (C:\Users\arshadsharif\.gradle\caches\journal-1)" [_thread_blocked, id=19256, stack(0x0000000020e90000,0x0000000020f90000)]
  0x000000001a23a800 JavaThread "File lock request listener" [_thread_in_native, id=3396, stack(0x0000000020d90000,0x0000000020e90000)]
  0x000000001f049800 JavaThread "Cache worker for file hash cache (C:\Users\arshadsharif\.gradle\caches\5.6.4\fileHashes)" [_thread_blocked, id=32192, stack(0x0000000020c90000,0x0000000020d90000)]
  0x000000001ec22800 JavaThread "Thread-9" [_thread_blocked, id=14528, stack(0x0000000020990000,0x0000000020a90000)]
  0x000000001ed97800 JavaThread "Stdin handler" [_thread_blocked, id=18504, stack(0x0000000020890000,0x0000000020990000)]
  0x000000001edd3800 JavaThread "Asynchronous log dispatcher for DefaultDaemonConnection: socket connection from /127.0.0.1:52659 to /127.0.0.1:52660" [_thread_blocked, id=22012, stack(0x0000000020790000,0x0000000020890000)]
  0x000000001ecae800 JavaThread "Daemon worker" [_thread_blocked, id=6684, stack(0x0000000020690000,0x0000000020790000)]
  0x000000001edd5000 JavaThread "Cancel handler" [_thread_blocked, id=32384, stack(0x0000000020590000,0x0000000020690000)]
  0x000000001ec89000 JavaThread "Handler for socket connection from /127.0.0.1:52659 to /127.0.0.1:52660" [_thread_in_native, id=2732, stack(0x0000000020290000,0x0000000020390000)]
  0x000000001ec86000 JavaThread "Daemon" [_thread_blocked, id=32644, stack(0x0000000020190000,0x0000000020290000)]
  0x000000001ed89800 JavaThread "Daemon periodic checks" [_thread_blocked, id=2764, stack(0x0000000020090000,0x0000000020190000)]
  0x000000001ed27800 JavaThread "Incoming local TCP Connector on port 52659" [_thread_in_native, id=29736, stack(0x000000001fe40000,0x000000001ff40000)]
  0x000000001ebd8800 JavaThread "Daemon health stats" [_thread_blocked, id=23584, stack(0x000000001f800000,0x000000001f900000)]
  0x000000001a2e4000 JavaThread "Service Thread" daemon [_thread_blocked, id=27324, stack(0x000000001ce60000,0x000000001cf60000)]
  0x000000001a23f000 JavaThread "C1 CompilerThread11" daemon [_thread_blocked, id=26344, stack(0x000000001cd60000,0x000000001ce60000)]
  0x000000001a23d000 JavaThread "C1 CompilerThread10" daemon [_thread_blocked, id=29148, stack(0x000000001cc60000,0x000000001cd60000)]
  0x000000001a23c000 JavaThread "C1 CompilerThread9" daemon [_thread_blocked, id=31048, stack(0x000000001cb60000,0x000000001cc60000)]
  0x000000001a238800 JavaThread "C1 CompilerThread8" daemon [_thread_blocked, id=32084, stack(0x000000001ca60000,0x000000001cb60000)]
  0x000000001a23e800 JavaThread "C2 CompilerThread7" daemon [_thread_in_native, id=24136, stack(0x000000001c960000,0x000000001ca60000)]
  0x000000001a239000 JavaThread "C2 CompilerThread6" daemon [_thread_in_native, id=11356, stack(0x000000001c860000,0x000000001c960000)]
  0x000000001a225800 JavaThread "C2 CompilerThread5" daemon [_thread_in_native, id=27392, stack(0x000000001c760000,0x000000001c860000)]
=>0x000000001a215000 JavaThread "C2 CompilerThread4" daemon [_thread_in_native, id=23272, stack(0x000000001c660000,0x000000001c760000)]
  0x000000001a20f000 JavaThread "C2 CompilerThread3" daemon [_thread_in_native, id=16340, stack(0x000000001c560000,0x000000001c660000)]
  0x000000001a209000 JavaThread "C2 CompilerThread2" daemon [_thread_in_native, id=30544, stack(0x000000001c460000,0x000000001c560000)]
  0x000000001a208000 JavaThread "C2 CompilerThread1" daemon [_thread_in_native, id=13232, stack(0x000000001c360000,0x000000001c460000)]
  0x000000001a203000 JavaThread "C2 CompilerThread0" daemon [_thread_in_native, id=28004, stack(0x000000001c260000,0x000000001c360000)]
  0x000000001a202800 JavaThread "Attach Listener" daemon [_thread_blocked, id=12320, stack(0x000000001c160000,0x000000001c260000)]
  0x000000001a201800 JavaThread "Signal Dispatcher" daemon [_thread_blocked, id=31580, stack(0x000000001c060000,0x000000001c160000)]
  0x000000001853b800 JavaThread "Finalizer" daemon [_thread_blocked, id=22588, stack(0x000000001be60000,0x000000001bf60000)]
  0x0000000018533000 JavaThread "Reference Handler" daemon [_thread_blocked, id=25244, stack(0x000000001bd60000,0x000000001be60000)]
  0x0000000002cc2800 JavaThread "main" [_thread_blocked, id=17832, stack(0x0000000002bc0000,0x0000000002cc0000)]

Other Threads:
  0x000000001a1c5800 VMThread [stack: 0x000000001bc60000,0x000000001bd60000] [id=23124]
  0x000000001a2ea000 WatcherThread [stack: 0x000000001cf60000,0x000000001d060000] [id=30184]

VM state:not at safepoint (normal execution)

VM Mutex/Monitor currently owned by a thread: None

heap address: 0x0000000080000000, size: 2048 MB, Compressed Oops mode: 32-bit
Narrow klass base: 0x0000000000000000, Narrow klass shift: 3
Compressed class space size: 1073741824 Address: 0x0000000100000000

Heap:
 PSYoungGen      total 633856K, used 337266K [0x00000000d5580000, 0x00000000ffa80000, 0x0000000100000000)
  eden space 576000K, 55% used [0x00000000d5580000,0x00000000e8c48640,0x00000000f8800000)
  from space 57856K, 32% used [0x00000000f8800000,0x00000000f9a94320,0x00000000fc080000)
  to   space 55296K, 0% used [0x00000000fc480000,0x00000000fc480000,0x00000000ffa80000)
 ParOldGen       total 448512K, used 251558K [0x0000000080000000, 0x000000009b600000, 0x00000000d5580000)
  object space 448512K, 56% used [0x0000000080000000,0x000000008f5a9818,0x000000009b600000)
 Metaspace       used 87720K, capacity 92726K, committed 99328K, reserved 1134592K
  class space    used 11687K, capacity 12771K, committed 14336K, reserved 1048576K

Card table byte_map: [0x0000000012180000,0x0000000012590000] byte_map_base: 0x0000000011d80000

Marking Bits: (ParMarkBitMap*) 0x00000000604bf030
 Begin Bits: [0x0000000013740000, 0x0000000015740000)
 End Bits:   [0x0000000015740000, 0x0000000017740000)

Polling page: 0x00000000010e0000

CodeCache: size=245760Kb used=38343Kb max_used=49063Kb free=207416Kb
 bounds [0x0000000002dc0000, 0x0000000005df0000, 0x0000000011dc0000]
 total_blobs=11619 nmethods=10753 adapters=772
 compilation: enabled

Compilation events (10 events):
Event: 13.824 Thread 0x000000001a238800 nmethod 27446 0x00000000039031d0 code [0x0000000003903340, 0x0000000003903588]
Event: 13.827 Thread 0x000000001a23d000 27447       3       com.android.tools.r8.dex.m::a (156 bytes)
Event: 13.828 Thread 0x000000001a23d000 nmethod 27447 0x0000000003902390 code [0x00000000039025a0, 0x0000000003902de8]
Event: 13.829 Thread 0x000000001a23f000 27448 %     3       java.io.ObjectStreamClass::getClassDataLayout0 @ 18 (296 bytes)
Event: 13.831 Thread 0x000000001a23f000 nmethod 27448% 0x00000000038fead0 code [0x00000000038feee0, 0x00000000039011d8]
Event: 13.835 Thread 0x000000001a238800 27449       2       com.android.tools.r8.utils.X::<init> (754 bytes)
Event: 13.838 Thread 0x000000001a238800 nmethod 27449 0x00000000038fc590 code [0x00000000038fc960, 0x00000000038fdc98]
Event: 13.840 Thread 0x000000001a23d000 27450       3       com.android.tools.r8.s.a.b.l.d::a (286 bytes)
Event: 13.841 Thread 0x000000001a23d000 nmethod 27450 0x00000000038fa590 code [0x00000000038fa840, 0x00000000038fbcb8]
Event: 13.844 Thread 0x000000001a23c000 nmethod 27444 0x00000000047d8d90 code [0x00000000047da1c0, 0x00000000047e2e58]

GC Heap History (10 events):
Event: 12.480 GC heap before
{Heap before GC invocations=29 (full 4):
 PSYoungGen      total 625664K, used 581835K [0x00000000d5580000, 0x00000000ff980000, 0x0000000100000000)
  eden space 562176K, 100% used [0x00000000d5580000,0x00000000f7a80000,0x00000000f7a80000)
  from space 63488K, 30% used [0x00000000fbb80000,0x00000000fceb2e00,0x00000000ff980000)
  to   space 65024K, 0% used [0x00000000f7a80000,0x00000000f7a80000,0x00000000fba00000)
 ParOldGen       total 448512K, used 220867K [0x0000000080000000, 0x000000009b600000, 0x00000000d5580000)
  object space 448512K, 49% used [0x0000000080000000,0x000000008d7b0eb0,0x000000009b600000)
 Metaspace       used 87435K, capacity 92394K, committed 98816K, reserved 1134592K
  class space    used 11686K, capacity 12771K, committed 14336K, reserved 1048576K
Event: 12.494 GC heap after
Heap after GC invocations=29 (full 4):
 PSYoungGen      total 627200K, used 18512K [0x00000000d5580000, 0x00000000ffd80000, 0x0000000100000000)
  eden space 562176K, 0% used [0x00000000d5580000,0x00000000d5580000,0x00000000f7a80000)
  from space 65024K, 28% used [0x00000000f7a80000,0x00000000f8c94138,0x00000000fba00000)
  to   space 62976K, 0% used [0x00000000fc000000,0x00000000fc000000,0x00000000ffd80000)
 ParOldGen       total 448512K, used 231909K [0x0000000080000000, 0x000000009b600000, 0x00000000d5580000)
  object space 448512K, 51% used [0x0000000080000000,0x000000008e279550,0x000000009b600000)
 Metaspace       used 87435K, capacity 92394K, committed 98816K, reserved 1134592K
  class space    used 11686K, capacity 12771K, committed 14336K, reserved 1048576K
}
Event: 12.827 GC heap before
{Heap before GC invocations=30 (full 4):
 PSYoungGen      total 627200K, used 580688K [0x00000000d5580000, 0x00000000ffd80000, 0x0000000100000000)
  eden space 562176K, 100% used [0x00000000d5580000,0x00000000f7a80000,0x00000000f7a80000)
  from space 65024K, 28% used [0x00000000f7a80000,0x00000000f8c94138,0x00000000fba00000)
  to   space 62976K, 0% used [0x00000000fc000000,0x00000000fc000000,0x00000000ffd80000)
 ParOldGen       total 448512K, used 231911K [0x0000000080000000, 0x000000009b600000, 0x00000000d5580000)
  object space 448512K, 51% used [0x0000000080000000,0x000000008e279d50,0x000000009b600000)
 Metaspace       used 87549K, capacity 92594K, committed 99072K, reserved 1134592K
  class space    used 11687K, capacity 12771K, committed 14336K, reserved 1048576K
Event: 12.845 GC heap after
Heap after GC invocations=30 (full 4):
 PSYoungGen      total 633344K, used 9842K [0x00000000d5580000, 0x00000000ffd00000, 0x0000000100000000)
  eden space 570880K, 0% used [0x00000000d5580000,0x00000000d5580000,0x00000000f8300000)
  from space 62464K, 15% used [0x00000000fc000000,0x00000000fc99cb18,0x00000000ffd00000)
  to   space 62464K, 0% used [0x00000000f8300000,0x00000000f8300000,0x00000000fc000000)
 ParOldGen       total 448512K, used 237902K [0x0000000080000000, 0x000000009b600000, 0x00000000d5580000)
  object space 448512K, 53% used [0x0000000080000000,0x000000008e853968,0x000000009b600000)
 Metaspace       used 87549K, capacity 92594K, committed 99072K, reserved 1134592K
  class space    used 11687K, capacity 12771K, committed 14336K, reserved 1048576K
}
Event: 13.122 GC heap before
{Heap before GC invocations=31 (full 4):
 PSYoungGen      total 633344K, used 580722K [0x00000000d5580000, 0x00000000ffd00000, 0x0000000100000000)
  eden space 570880K, 100% used [0x00000000d5580000,0x00000000f8300000,0x00000000f8300000)
  from space 62464K, 15% used [0x00000000fc000000,0x00000000fc99cb18,0x00000000ffd00000)
  to   space 62464K, 0% used [0x00000000f8300000,0x00000000f8300000,0x00000000fc000000)
 ParOldGen       total 448512K, used 238411K [0x0000000080000000, 0x000000009b600000, 0x00000000d5580000)
  object space 448512K, 53% used [0x0000000080000000,0x000000008e8d2d58,0x000000009b600000)
 Metaspace       used 87566K, capacity 92594K, committed 99072K, reserved 1134592K
  class space    used 11687K, capacity 12771K, committed 14336K, reserved 1048576K
Event: 13.135 GC heap after
Heap after GC invocations=31 (full 4):
 PSYoungGen      total 633344K, used 16069K [0x00000000d5580000, 0x00000000ffb00000, 0x0000000100000000)
  eden space 570880K, 0% used [0x00000000d5580000,0x00000000d5580000,0x00000000f8300000)
  from space 62464K, 25% used [0x00000000f8300000,0x00000000f92b1518,0x00000000fc000000)
  to   space 59904K, 0% used [0x00000000fc080000,0x00000000fc080000,0x00000000ffb00000)
 ParOldGen       total 448512K, used 241751K [0x0000000080000000, 0x000000009b600000, 0x00000000d5580000)
  object space 448512K, 53% used [0x0000000080000000,0x000000008ec15e88,0x000000009b600000)
 Metaspace       used 87566K, capacity 92594K, committed 99072K, reserved 1134592K
  class space    used 11687K, capacity 12771K, committed 14336K, reserved 1048576K
}
Event: 13.429 GC heap before
{Heap before GC invocations=32 (full 4):
 PSYoungGen      total 633344K, used 586949K [0x00000000d5580000, 0x00000000ffb00000, 0x0000000100000000)
  eden space 570880K, 100% used [0x00000000d5580000,0x00000000f8300000,0x00000000f8300000)
  from space 62464K, 25% used [0x00000000f8300000,0x00000000f92b1518,0x00000000fc000000)
  to   space 59904K, 0% used [0x00000000fc080000,0x00000000fc080000,0x00000000ffb00000)
 ParOldGen       total 448512K, used 241753K [0x0000000080000000, 0x000000009b600000, 0x00000000d5580000)
  object space 448512K, 53% used [0x0000000080000000,0x000000008ec16478,0x000000009b600000)
 Metaspace       used 87701K, capacity 92726K, committed 99328K, reserved 1134592K
  class space    used 11687K, capacity 12771K, committed 14336K, reserved 1048576K
Event: 13.440 GC heap after
Heap after GC invocations=32 (full 4):
 PSYoungGen      total 634368K, used 16885K [0x00000000d5580000, 0x00000000ff980000, 0x0000000100000000)
  eden space 576000K, 0% used [0x00000000d5580000,0x00000000d5580000,0x00000000f8800000)
  from space 58368K, 28% used [0x00000000fc080000,0x00000000fd0fd4c8,0x00000000ff980000)
  to   space 57856K, 0% used [0x00000000f8800000,0x00000000f8800000,0x00000000fc080000)
 ParOldGen       total 448512K, used 248456K [0x0000000080000000, 0x000000009b600000, 0x00000000d5580000)
  object space 448512K, 55% used [0x0000000080000000,0x000000008f2a20e8,0x000000009b600000)
 Metaspace       used 87701K, capacity 92726K, committed 99328K, reserved 1134592K
  class space    used 11687K, capacity 12771K, committed 14336K, reserved 1048576K
}
Event: 13.716 GC heap before
{Heap before GC invocations=33 (full 4):
 PSYoungGen      total 634368K, used 592885K [0x00000000d5580000, 0x00000000ff980000, 0x0000000100000000)
  eden space 576000K, 100% used [0x00000000d5580000,0x00000000f8800000,0x00000000f8800000)
  from space 58368K, 28% used [0x00000000fc080000,0x00000000fd0fd4c8,0x00000000ff980000)
  to   space 57856K, 0% used [0x00000000f8800000,0x00000000f8800000,0x00000000fc080000)
 ParOldGen       total 448512K, used 248459K [0x0000000080000000, 0x000000009b600000, 0x00000000d5580000)
  object space 448512K, 55% used [0x0000000080000000,0x000000008f2a2f70,0x000000009b600000)
 Metaspace       used 87705K, capacity 92726K, committed 99328K, reserved 1134592K
  class space    used 11687K, capacity 12771K, committed 14336K, reserved 1048576K
Event: 13.734 GC heap after
Heap after GC invocations=33 (full 4):
 PSYoungGen      total 633856K, used 19024K [0x00000000d5580000, 0x00000000ffa80000, 0x0000000100000000)
  eden space 576000K, 0% used [0x00000000d5580000,0x00000000d5580000,0x00000000f8800000)
  from space 57856K, 32% used [0x00000000f8800000,0x00000000f9a94320,0x00000000fc080000)
  to   space 55296K, 0% used [0x00000000fc480000,0x00000000fc480000,0x00000000ffa80000)
 ParOldGen       total 448512K, used 251558K [0x0000000080000000, 0x000000009b600000, 0x00000000d5580000)
  object space 448512K, 56% used [0x0000000080000000,0x000000008f5a9818,0x000000009b600000)
 Metaspace       used 87705K, capacity 92726K, committed 99328K, reserved 1134592K
  class space    used 11687K, capacity 12771K, committed 14336K, reserved 1048576K
}

Deoptimization events (10 events):
Event: 13.571 Thread 0x000000002c884000 Uncommon trap: reason=array_check action=maybe_recompile pc=0x00000000041b3a1c method=java.util.TimSort.mergeHi(IIII)V @ 657
Event: 13.642 Thread 0x000000001d79a000 Uncommon trap: reason=unstable_if action=reinterpret pc=0x0000000003920f40 method=com.android.tools.r8.ir.optimize.Z.a(Lcom/android/tools/r8/u/b/T;Lcom/android/tools/r8/ir/regalloc/LinearScanRegisterAllocator;)V @ 184
Event: 13.656 Thread 0x000000001d78e000 Uncommon trap: reason=array_check action=maybe_recompile pc=0x00000000041b3c9c method=java.util.TimSort.mergeHi(IIII)V @ 524
Event: 13.664 Thread 0x000000001d797000 Uncommon trap: reason=class_check action=maybe_recompile pc=0x0000000003933208 method=com.android.tools.r8.v.a.a.a.f.x0.putAll(Ljava/util/Map;)V @ 47
Event: 13.674 Thread 0x000000002c884000 Uncommon trap: reason=class_check action=maybe_recompile pc=0x000000000419ff90 method=com.android.tools.r8.ir.optimize.k.b(Lcom/android/tools/r8/u/b/T;)Z @ 369
Event: 13.676 Thread 0x000000001d797000 Uncommon trap: reason=class_check action=maybe_recompile pc=0x0000000003933208 method=com.android.tools.r8.v.a.a.a.f.x0.putAll(Ljava/util/Map;)V @ 47
Event: 13.676 Thread 0x000000001d797000 Uncommon trap: reason=class_check action=maybe_recompile pc=0x0000000003933208 method=com.android.tools.r8.v.a.a.a.f.x0.putAll(Ljava/util/Map;)V @ 47
Event: 13.678 Thread 0x000000001d797000 Uncommon trap: reason=class_check action=maybe_recompile pc=0x0000000003933208 method=com.android.tools.r8.v.a.a.a.f.x0.putAll(Ljava/util/Map;)V @ 47
Event: 13.795 Thread 0x000000001d796000 Uncommon trap: reason=class_check action=maybe_recompile pc=0x000000000419ff90 method=com.android.tools.r8.ir.optimize.k.b(Lcom/android/tools/r8/u/b/T;)Z @ 369
Event: 13.839 Thread 0x000000001d798800 Uncommon trap: reason=array_check action=maybe_recompile pc=0x00000000035b4c08 method=java.util.TimSort.mergeHi(IIII)V @ 250

Classes redefined (1 events):
Event: 7.716 Thread 0x000000001a1c5800 redefined class name=java.lang.ProcessBuilder, count=1

Internal exceptions (10 events):
Event: 10.766 Thread 0x000000001d78e800 Exception <a 'sun/nio/fs/WindowsException'> (0x00000000d9e59e40) thrown at [C:\src\AOSP-openjdk-git\hotspot\src\share\vm\prims\jni.cpp, line 710]
Event: 10.768 Thread 0x000000001d78e800 Exception <a 'sun/nio/fs/WindowsException'> (0x00000000da5a63b8) thrown at [C:\src\AOSP-openjdk-git\hotspot\src\share\vm\prims\jni.cpp, line 710]
Event: 10.789 Thread 0x000000001d78e800 Exception <a 'sun/nio/fs/WindowsException'> (0x00000000d619da08) thrown at [C:\src\AOSP-openjdk-git\hotspot\src\share\vm\prims\jni.cpp, line 710]
Event: 10.791 Thread 0x000000001d78e800 Exception <a 'sun/nio/fs/WindowsException'> (0x00000000d6825138) thrown at [C:\src\AOSP-openjdk-git\hotspot\src\share\vm\prims\jni.cpp, line 710]
Event: 10.952 Thread 0x000000001d798800 Implicit null exception at 0x00000000030966dc to 0x00000000030972e5
Event: 10.962 Thread 0x0000000025cbe800 Implicit null exception at 0x0000000005586e4f to 0x0000000005586fbd
Event: 10.997 Thread 0x000000001d797800 Implicit null exception at 0x0000000003960f8f to 0x00000000039641fd
Event: 11.416 Thread 0x000000001d799000 Implicit null exception at 0x0000000004e6f360 to 0x0000000004e70d35
Event: 11.968 Thread 0x000000001d798800 Implicit null exception at 0x000000000530487e to 0x0000000005308319
Event: 12.143 Thread 0x000000001d794800 Implicit null exception at 0x000000000416bee6 to 0x000000000416f605

Events (10 events):
Event: 13.841 Thread 0x0000000025cbe000 DEOPT PACKING pc=0x00000000041a8095 sp=0x0000000035ebd070
Event: 13.841 Thread 0x0000000025cbe000 DEOPT UNPACKING pc=0x0000000002e075d0 sp=0x0000000035ebceb8 mode 0
Event: 13.843 Thread 0x0000000025cc4000 DEOPT PACKING pc=0x000000000464af64 sp=0x000000003610c6a0
Event: 13.843 Thread 0x0000000025cc4000 DEOPT UNPACKING pc=0x0000000002e075d0 sp=0x000000003610c700 mode 0
Event: 13.848 Thread 0x0000000025cc2000 DEOPT PACKING pc=0x00000000041a8070 sp=0x000000003600c9c0
Event: 13.848 Thread 0x0000000025cc2000 DEOPT UNPACKING pc=0x0000000002e075d0 sp=0x000000003600c808 mode 0
Event: 13.851 Thread 0x0000000025cc2000 DEOPT PACKING pc=0x000000000464af64 sp=0x000000003600c6d0
Event: 13.851 Thread 0x0000000025cc2000 DEOPT UNPACKING pc=0x0000000002e075d0 sp=0x000000003600c730 mode 0
Event: 13.854 Thread 0x000000001d79a800 DEOPT PACKING pc=0x00000000041a8095 sp=0x00000000357bcb50
Event: 13.854 Thread 0x000000001d79a800 DEOPT UNPACKING pc=0x0000000002e075d0 sp=0x00000000357bc998 mode 0


Dynamic libraries:
0x00007ff67b990000 - 0x00007ff67b9c1000 	C:\AndroidSetup_4.0\android40\jre\bin\java.exe
0x00007ff9716c0000 - 0x00007ff9718c9000 	C:\WINDOWS\SYSTEM32\ntdll.dll
0x00007ff970420000 - 0x00007ff9704de000 	C:\WINDOWS\System32\KERNEL32.DLL
0x00007ff96ee70000 - 0x00007ff96f1eb000 	C:\WINDOWS\System32\KERNELBASE.dll
0x00007ff9708e0000 - 0x00007ff97098e000 	C:\WINDOWS\System32\ADVAPI32.dll
0x00007ff96f650000 - 0x00007ff96f6f3000 	C:\WINDOWS\System32\msvcrt.dll
0x00007ff970690000 - 0x00007ff97072e000 	C:\WINDOWS\System32\sechost.dll
0x00007ff96f9a0000 - 0x00007ff96fac0000 	C:\WINDOWS\System32\RPCRT4.dll
0x00007ff9704e0000 - 0x00007ff97068d000 	C:\WINDOWS\System32\USER32.dll
0x00007ff96eca0000 - 0x00007ff96ecc6000 	C:\WINDOWS\System32\win32u.dll
0x00007ff970e00000 - 0x00007ff970e29000 	C:\WINDOWS\System32\GDI32.dll
0x00007ff96ed50000 - 0x00007ff96ee68000 	C:\WINDOWS\System32\gdi32full.dll
0x00007ff96eb90000 - 0x00007ff96ec2d000 	C:\WINDOWS\System32\msvcp_win.dll
0x00007ff96f360000 - 0x00007ff96f471000 	C:\WINDOWS\System32\ucrtbase.dll
0x00007ff94f410000 - 0x00007ff94f6b5000 	C:\WINDOWS\WinSxS\amd64_microsoft.windows.common-controls_6595b64144ccf1df_6.0.22000.120_none_9d947278b86cc467\COMCTL32.dll
0x00007ff9702b0000 - 0x00007ff9702e2000 	C:\WINDOWS\System32\IMM32.DLL
0x00000000010f0000 - 0x0000000001104000 	C:\WINDOWS\System32\umppc16104.dll
0x000000005fa40000 - 0x000000005fb12000 	C:\AndroidSetup_4.0\android40\jre\jre\bin\msvcr100.dll
0x000000005fcf0000 - 0x000000006053b000 	C:\AndroidSetup_4.0\android40\jre\jre\bin\server\jvm.dll
0x00007ff971380000 - 0x00007ff971388000 	C:\WINDOWS\System32\PSAPI.DLL
0x00007ff91dbb0000 - 0x00007ff91dbb9000 	C:\WINDOWS\SYSTEM32\WSOCK32.dll
0x00007ff96f5d0000 - 0x00007ff96f63f000 	C:\WINDOWS\System32\WS2_32.dll
0x00007ff960f60000 - 0x00007ff960f93000 	C:\WINDOWS\SYSTEM32\WINMM.dll
0x00007ff96c830000 - 0x00007ff96c83a000 	C:\WINDOWS\SYSTEM32\VERSION.dll
0x00007ff96b8d0000 - 0x00007ff96b8df000 	C:\AndroidSetup_4.0\android40\jre\jre\bin\verify.dll
0x00007ff95ed30000 - 0x00007ff95ed59000 	C:\AndroidSetup_4.0\android40\jre\jre\bin\java.dll
0x00007ff95ed10000 - 0x00007ff95ed26000 	C:\AndroidSetup_4.0\android40\jre\jre\bin\zip.dll
0x00007ff96fac0000 - 0x00007ff970278000 	C:\WINDOWS\System32\SHELL32.dll
0x00007ff96cc80000 - 0x00007ff96d4e5000 	C:\WINDOWS\SYSTEM32\windows.storage.dll
0x00007ff970f20000 - 0x00007ff971298000 	C:\WINDOWS\System32\combase.dll
0x00007ff96cb10000 - 0x00007ff96cc76000 	C:\WINDOWS\SYSTEM32\wintypes.dll
0x00007ff970e30000 - 0x00007ff970f1a000 	C:\WINDOWS\System32\SHCORE.dll
0x00007ff971320000 - 0x00007ff97137d000 	C:\WINDOWS\System32\shlwapi.dll
0x00007ff96eac0000 - 0x00007ff96eae1000 	C:\WINDOWS\SYSTEM32\profapi.dll
0x00007ff95ecf0000 - 0x00007ff95ed0a000 	C:\AndroidSetup_4.0\android40\jre\jre\bin\net.dll
0x00007ff96e0b0000 - 0x00007ff96e117000 	C:\WINDOWS\system32\mswsock.dll
0x00007ff95ecd0000 - 0x00007ff95ece3000 	C:\AndroidSetup_4.0\android40\jre\jre\bin\nio.dll
0x00007ff95efc0000 - 0x00007ff95efe6000 	C:\Users\arshadsharif\.gradle\native\30\windows-amd64\native-platform.dll
0x00007ff960e90000 - 0x00007ff960e9d000 	C:\AndroidSetup_4.0\android40\jre\jre\bin\management.dll
0x00007ff96e2f0000 - 0x00007ff96e308000 	C:\WINDOWS\SYSTEM32\CRYPTSP.dll
0x00007ff96db70000 - 0x00007ff96dba5000 	C:\WINDOWS\system32\rsaenh.dll
0x00007ff96e1a0000 - 0x00007ff96e1c9000 	C:\WINDOWS\SYSTEM32\USERENV.dll
0x00007ff96e4f0000 - 0x00007ff96e517000 	C:\WINDOWS\SYSTEM32\bcrypt.dll
0x00007ff96ecd0000 - 0x00007ff96ed4f000 	C:\WINDOWS\System32\bcryptprimitives.dll
0x00007ff96e310000 - 0x00007ff96e31c000 	C:\WINDOWS\SYSTEM32\CRYPTBASE.dll
0x00007ff96d730000 - 0x00007ff96d75d000 	C:\WINDOWS\SYSTEM32\IPHLPAPI.DLL
0x00007ff970730000 - 0x00007ff970739000 	C:\WINDOWS\System32\NSI.dll
0x00007ff969e80000 - 0x00007ff969e99000 	C:\WINDOWS\SYSTEM32\dhcpcsvc6.DLL
0x00007ff969e60000 - 0x00007ff969e7e000 	C:\WINDOWS\SYSTEM32\dhcpcsvc.DLL
0x00007ff96d760000 - 0x00007ff96d848000 	C:\WINDOWS\SYSTEM32\DNSAPI.dll
0x00007ff944d60000 - 0x00007ff944d77000 	C:\WINDOWS\system32\napinsp.dll
0x00007ff944d80000 - 0x00007ff944d9b000 	C:\WINDOWS\system32\pnrpnsp.dll
0x00007ff944da0000 - 0x00007ff944db2000 	C:\WINDOWS\System32\winrnr.dll
0x00007ff946050000 - 0x00007ff946065000 	C:\WINDOWS\system32\wshbth.dll
0x00007ff9460c0000 - 0x00007ff9460df000 	C:\WINDOWS\system32\nlansp_c.dll
0x00007ff9665a0000 - 0x00007ff9665aa000 	C:\Windows\System32\rasadhlp.dll
0x00007ff969f40000 - 0x00007ff969fc1000 	C:\WINDOWS\System32\fwpuclnt.dll
0x00007ff96c900000 - 0x00007ff96c909000 	C:\AndroidSetup_4.0\android40\jre\jre\bin\attach.dll
0x00007ff96bc20000 - 0x00007ff96bc43000 	C:\AndroidSetup_4.0\android40\jre\jre\bin\instrument.dll

VM Arguments:
jvm_args: -XX:MaxPermSize=512m -XX:MaxHeapSize=32g -XX:+HeapDumpOnOutOfMemoryError -Xmx2048m -Dfile.encoding=UTF-8 -Duser.country=US -Duser.language=en -Duser.variant 
java_command: org.gradle.launcher.daemon.bootstrap.GradleDaemon 5.6.4
java_class_path (initial): C:\Users\arshadsharif\.gradle\wrapper\dists\gradle-5.6.4-all\ankdp27end7byghfw1q2sw75f\gradle-5.6.4\lib\gradle-launcher-5.6.4.jar
Launcher Type: SUN_STANDARD

Environment Variables:
JAVA_HOME=C:\Program Files\java\jdk-11.0.14
PATH=C:\Program Files\Common Files\Oracle\Java\javapath;C:\WINDOWS\system32;C:\WINDOWS;C:\WINDOWS\System32\Wbem;C:\WINDOWS\System32\WindowsPowerShell\v1.0\;C:\WINDOWS\System32\OpenSSH\;C:\Program Files\dotnet\;C:\Program Files\Microsoft SQL Server\130\Tools\Binn\;C:\Program Files\Microsoft SQL Server\Client SDK\ODBC\170\Tools\Binn\;C:\Program Files (x86)\Microsoft SQL Server\Client SDK\ODBC\130\Tools\Binn\;C:\Program Files (x86)\Microsoft SQL Server\140\Tools\Binn\;C:\Program Files (x86)\Microsoft SQL Server\140\DTS\Binn\;C:\Program Files (x86)\Microsoft SQL Server\140\Tools\Binn\ManagementStudio\;C:\Program Files\Microsoft VS Code\bin;C:\Sdk;C:\Program Files (x86)\nodejs\;C:\Program Files\Java\jdk-11.0.14;C:\Program Files\Git\cmd;C:\Users\arshadsharif\AppData\Local\Microsoft\WindowsApps;C:\Users\arshadsharif\AppData\Local\Programs\Git\cmd;
USERNAME=ARSHADSHARIF
OS=Windows_NT
PROCESSOR_IDENTIFIER=Intel64 Family 6 Model 165 Stepping 5, GenuineIntel



---------------  S Y S T E M  ---------------

OS: Windows 10.0 , 64 bit Build 22000 (10.0.22000.1219)

CPU:total 20 (initial active 20) (10 cores per cpu, 2 threads per core) family 6 model 165 stepping 5, cmov, cx8, fxsr, mmx, sse, sse2, sse3, ssse3, sse4.1, sse4.2, popcnt, avx, avx2, aes, clmul, erms, 3dnowpref, lzcnt, ht, tsc, tscinvbit, bmi1, bmi2, adx

Memory: 4k page, physical 16462888k(1915336k free), swap 16462888k(8120k free)

vm_info: OpenJDK 64-Bit Server VM (25.242-b01) for windows-amd64 JRE (1.8.0_242-release-1644-b01), built by "builder" with MS VC++ 10.0 (VS2010)

time: Mon Nov 28 22:18:47 2022
timezone: Pakistan Standard Time
elapsed time: 13 seconds (0d 0h 0m 13s)

